  SITServer.cpp
D:\Github\stumbledinthumbs\NetworkLib\SITServer\include\NetServerApp.h(78,13): error C2039: ' Send': não é um membro de 'SITNet::Connection<T>'
          with
          [
              T=SITNet::CMD
          ]
D:\Github\stumbledinthumbs\NetworkLib\SITServer\include\NetServerApp.h(75): message : consulte a declaração de 'SITNet::Connection<T>'
          with
          [
              T=SITNet::CMD
          ]
D:\Github\stumbledinthumbs\NetworkLib\SITServer\include\NetServerApp.h(75): message : ao compilar a função de membro 'void SITNet::ServerApp<SITNet::CMD>::SendToClient(std::shared_ptr<SITNet::Connection<T>> &,const SITNet::Packet<T> &)' do modelo da classe
          with
          [
              T=SITNet::CMD
          ]
D:\Github\stumbledinthumbs\NetworkLib\SITServer\src\SITServer.cpp(51): message : consulte a referência à instanciação 'void SITNet::ServerApp<SITNet::CMD>::SendToClient(std::shared_ptr<SITNet::Connection<T>> &,const SITNet::Packet<T> &)' do modelo que está sendo compilada
          with
          [
              T=SITNet::CMD
          ]
D:\Github\stumbledinthumbs\NetworkLib\SITServer\include\SITServer.h(12): message : consulte a referência à instanciação 'SITNet::ServerApp<SITNet::CMD>' do modelo da classe que está sendo compilada
